<?xml version="1.0" encoding="UTF-8"?>
<!-- Generated by org.testng.reporters.JUnitXMLReporter -->
<testsuite hostname="AP-PUN-WS5592" ignored="0" name="Default test" tests="3" failures="0" timestamp="2019-10-20T17:50:18 IST" time="12.599" errors="0">
  <testcase name="testTCQ1" time="4.903" classname="com.challenge1.Question6"/>
  <testcase name="testTCQ2" time="2.137" classname="com.challenge1.Question6"/>
  <testcase name="testTCQ3" time="1.855" classname="com.challenge1.Question6"/>
</testsuite> <!-- Default test -->
